<?xml version="1.0" encoding="UTF-8"?>
<testng-results ignored="0" total="1" passed="1" failed="0" skipped="0">
  <reporter-output>
  </reporter-output>
  <suite started-at="2025-08-25T14:17:28 IST" name="Example Suite" finished-at="2025-08-25T14:17:46 IST" duration-ms="18067">
    <groups>
    </groups>
    <test started-at="2025-08-25T14:17:28 IST" name="Example Test" finished-at="2025-08-25T14:17:46 IST" duration-ms="18067">
      <class name="AIF.aiflogin">
        <test-method signature="login()[pri:0, instance:AIF.aiflogin@8dbdac1]" started-at="2025-08-25T14:17:28 IST" name="login" finished-at="2025-08-25T14:17:46 IST" duration-ms="18036" status="PASS">
          <reporter-output>
          </reporter-output>
        </test-method> <!-- login -->
      </class> <!-- AIF.aiflogin -->
    </test> <!-- Example Test -->
  </suite> <!-- Example Suite -->
</testng-results>
