<?xml version="1.0" encoding="UTF-8"?>
<testng-results ignored="0" total="1" passed="1" failed="0" skipped="0">
  <reporter-output>
  </reporter-output>
  <suite started-at="2025-08-26T10:48:07 IST" name="Example Suite" finished-at="2025-08-26T10:48:21 IST" duration-ms="13909">
    <groups>
    </groups>
    <test started-at="2025-08-26T10:48:07 IST" name="Example Test" finished-at="2025-08-26T10:48:21 IST" duration-ms="13909">
      <class name="AIF.Aiflogin">
        <test-method signature="login()[pri:0, instance:AIF.Aiflogin@55a147cc]" started-at="2025-08-26T10:48:07 IST" name="login" finished-at="2025-08-26T10:48:21 IST" duration-ms="13863" status="PASS">
          <reporter-output>
          </reporter-output>
        </test-method> <!-- login -->
      </class> <!-- AIF.Aiflogin -->
    </test> <!-- Example Test -->
  </suite> <!-- Example Suite -->
</testng-results>
